<?xml version="1.0" encoding="UTF-8"?>
<testng-results ignored="0" total="6" passed="6" failed="0" skipped="0">
  <reporter-output>
  </reporter-output>
  <suite started-at="2022-09-27T12:53:27 IST" name="Suite" finished-at="2022-09-27T12:53:27 IST" duration-ms="45">
    <groups>
      <group name="Smoke">
        <method signature="CarLoanApplicationTests.CarLoanLoginMobile()[pri:0, instance:loanapplications.CarLoanApplicationTests@1b6e1eff]" name="CarLoanLoginMobile" class="loanapplications.CarLoanApplicationTests"/>
        <method signature="HomeLoanApplicationTests.APIHomeLoan()[pri:0, instance:loanapplications.HomeLoanApplicationTests@27ff5d15]" name="APIHomeLoan" class="loanapplications.HomeLoanApplicationTests"/>
      </group> <!-- Smoke -->
    </groups>
    <test started-at="2022-09-27T12:53:27 IST" name="HomeLoanTests" finished-at="2022-09-27T12:53:27 IST" duration-ms="45">
      <class name="loanapplications.CarLoanApplicationTests">
        <test-method signature="CarLoanLoginAPI()[pri:0, instance:loanapplications.CarLoanApplicationTests@1b6e1eff]" started-at="2022-09-27T12:53:27 IST" name="CarLoanLoginAPI" finished-at="2022-09-27T12:53:27 IST" duration-ms="1" status="PASS">
          <reporter-output>
          </reporter-output>
        </test-method> <!-- CarLoanLoginAPI -->
        <test-method signature="CarLoanLoginMobile()[pri:0, instance:loanapplications.CarLoanApplicationTests@1b6e1eff]" started-at="2022-09-27T12:53:27 IST" name="CarLoanLoginMobile" finished-at="2022-09-27T12:53:27 IST" duration-ms="1" status="PASS">
          <reporter-output>
          </reporter-output>
        </test-method> <!-- CarLoanLoginMobile -->
        <test-method signature="CarLoanLoginWeb()[pri:0, instance:loanapplications.CarLoanApplicationTests@1b6e1eff]" started-at="2022-09-27T12:53:27 IST" name="CarLoanLoginWeb" finished-at="2022-09-27T12:53:27 IST" duration-ms="2" status="PASS">
          <reporter-output>
          </reporter-output>
        </test-method> <!-- CarLoanLoginWeb -->
      </class> <!-- loanapplications.CarLoanApplicationTests -->
      <class name="loanapplications.HomeLoanApplicationTests">
        <test-method is-config="true" signature="startDatabase()[pri:0, instance:loanapplications.HomeLoanApplicationTests@27ff5d15]" started-at="2022-09-27T12:53:27 IST" name="startDatabase" finished-at="2022-09-27T12:53:27 IST" duration-ms="6" status="PASS">
          <reporter-output>
          </reporter-output>
        </test-method> <!-- startDatabase -->
        <test-method is-config="true" signature="setupTestData()[pri:0, instance:loanapplications.HomeLoanApplicationTests@27ff5d15]" started-at="2022-09-27T12:53:27 IST" name="setupTestData" finished-at="2022-09-27T12:53:27 IST" duration-ms="0" status="PASS">
          <reporter-output>
          </reporter-output>
        </test-method> <!-- setupTestData -->
        <test-method signature="APIHomeLoan()[pri:0, instance:loanapplications.HomeLoanApplicationTests@27ff5d15]" started-at="2022-09-27T12:53:27 IST" name="APIHomeLoan" finished-at="2022-09-27T12:53:27 IST" duration-ms="5" status="PASS">
          <reporter-output>
          </reporter-output>
        </test-method> <!-- APIHomeLoan -->
        <test-method is-config="true" signature="dosomething()[pri:0, instance:loanapplications.HomeLoanApplicationTests@27ff5d15]" started-at="2022-09-27T12:53:27 IST" name="dosomething" finished-at="2022-09-27T12:53:27 IST" duration-ms="0" status="PASS">
          <reporter-output>
          </reporter-output>
        </test-method> <!-- dosomething -->
        <test-method is-config="true" signature="dosomething()[pri:0, instance:loanapplications.HomeLoanApplicationTests@27ff5d15]" started-at="2022-09-27T12:53:27 IST" name="dosomething" finished-at="2022-09-27T12:53:27 IST" duration-ms="0" status="PASS">
          <reporter-output>
          </reporter-output>
        </test-method> <!-- dosomething -->
        <test-method signature="MobileHomeLoan()[pri:0, instance:loanapplications.HomeLoanApplicationTests@27ff5d15]" started-at="2022-09-27T12:53:27 IST" name="MobileHomeLoan" finished-at="2022-09-27T12:53:27 IST" duration-ms="1" status="PASS">
          <reporter-output>
          </reporter-output>
        </test-method> <!-- MobileHomeLoan -->
        <test-method signature="WebHomeLoan()[pri:0, instance:loanapplications.HomeLoanApplicationTests@27ff5d15]" started-at="2022-09-27T12:53:27 IST" name="WebHomeLoan" finished-at="2022-09-27T12:53:27 IST" duration-ms="1" status="PASS">
          <reporter-output>
          </reporter-output>
        </test-method> <!-- WebHomeLoan -->
        <test-method is-config="true" signature="dosomething()[pri:0, instance:loanapplications.HomeLoanApplicationTests@27ff5d15]" started-at="2022-09-27T12:53:27 IST" name="dosomething" finished-at="2022-09-27T12:53:27 IST" duration-ms="0" status="PASS">
          <reporter-output>
          </reporter-output>
        </test-method> <!-- dosomething -->
        <test-method is-config="true" signature="cleanupTestData()[pri:0, instance:loanapplications.HomeLoanApplicationTests@27ff5d15]" started-at="2022-09-27T12:53:27 IST" name="cleanupTestData" finished-at="2022-09-27T12:53:27 IST" duration-ms="0" status="PASS">
          <reporter-output>
          </reporter-output>
        </test-method> <!-- cleanupTestData -->
      </class> <!-- loanapplications.HomeLoanApplicationTests -->
    </test> <!-- HomeLoanTests -->
  </suite> <!-- Suite -->
</testng-results>
