<?xml version="1.0" encoding="UTF-8"?>
<!-- Generated by org.testng.reporters.JUnitXMLReporter -->
<testsuite ignored="0" hostname="DESKTOP-OH8LRFM" failures="0" tests="3" name="SmokeTests" time="0.043" errors="0" timestamp="2022-09-28T10:05:54 IST">
  <testcase classname="testpkg.ParamTest" name="applyForLoan" time="0.005"/>
  <testcase classname="testpkg.ParamTest" name="applyForLoan" time="0.001"/>
  <testcase classname="testpkg.ParamTest" name="applyForLoan" time="0.001"/>
</testsuite> <!-- SmokeTests -->
