<?xml version="1.0" encoding="UTF-8"?>
<!-- Generated by org.testng.reporters.JUnitXMLReporter -->
<testsuite ignored="6" hostname="DESKTOP-OH8LRFM" failures="0" tests="3" name="SmokeTests" time="0.042" errors="0" timestamp="2022-09-27T12:53:13 IST">
  <testcase classname="loanapplications.PersonalLoanApplicationTests" name="PersonalLoanLoginWeb" time="0.006"/>
  <testcase classname="loanapplications.HomeLoanApplicationTests" name="APIHomeLoan" time="0.001"/>
  <testcase classname="loanapplications.CarLoanApplicationTests" name="CarLoanLoginMobile" time="0.001"/>
  <testcase classname="loanapplications.PersonalLoanApplicationTests" name="PersonalLoanLoginAPI" time="0.0">
    <ignored/>
  </testcase> <!-- PersonalLoanLoginAPI -->
  <testcase classname="loanapplications.CarLoanApplicationTests" name="CarLoanLoginWeb" time="0.0">
    <ignored/>
  </testcase> <!-- CarLoanLoginWeb -->
  <testcase classname="loanapplications.HomeLoanApplicationTests" name="WebHomeLoan" time="0.0">
    <ignored/>
  </testcase> <!-- WebHomeLoan -->
  <testcase classname="loanapplications.CarLoanApplicationTests" name="CarLoanLoginAPI" time="0.0">
    <ignored/>
  </testcase> <!-- CarLoanLoginAPI -->
  <testcase classname="loanapplications.HomeLoanApplicationTests" name="MobileHomeLoan" time="0.0">
    <ignored/>
  </testcase> <!-- MobileHomeLoan -->
  <testcase classname="loanapplications.PersonalLoanApplicationTests" name="PersonalLoanLoginMobile" time="0.0">
    <ignored/>
  </testcase> <!-- PersonalLoanLoginMobile -->
</testsuite> <!-- SmokeTests -->
